Determining if the pthread_create exist failed with the following output:
Change Dir: /home/fede/CLionProjects/Levenshtein/cmake-build-debug/CMakeFiles/CMakeTmp

Run Build Command:"/usr/bin/make" "cmTC_e75b4/fast"
/usr/bin/make -f CMakeFiles/cmTC_e75b4.dir/build.make CMakeFiles/cmTC_e75b4.dir/build
make[1]: ingresso nella directory "/home/fede/CLionProjects/Levenshtein/cmake-build-debug/CMakeFiles/CMakeTmp"
Building C object CMakeFiles/cmTC_e75b4.dir/CheckSymbolExists.c.o
/usr/bin/cc    -o CMakeFiles/cmTC_e75b4.dir/CheckSymbolExists.c.o   -c /home/fede/CLionProjects/Levenshtein/cmake-build-debug/CMakeFiles/CMakeTmp/CheckSymbolExists.c
Linking C executable cmTC_e75b4
/snap/clion/58/bin/cmake/linux/bin/cmake -E cmake_link_script CMakeFiles/cmTC_e75b4.dir/link.txt --verbose=1
/usr/bin/cc      CMakeFiles/cmTC_e75b4.dir/CheckSymbolExists.c.o  -o cmTC_e75b4 
CMakeFiles/cmTC_e75b4.dir/CheckSymbolExists.c.o: nella funzione "main":
CheckSymbolExists.c:(.text+0x16): riferimento non definito a "pthread_create"
collect2: error: ld returned 1 exit status
CMakeFiles/cmTC_e75b4.dir/build.make:86: set di istruzioni per l'obiettivo "cmTC_e75b4" non riuscito
make[1]: *** [cmTC_e75b4] Errore 1
make[1]: uscita dalla directory "/home/fede/CLionProjects/Levenshtein/cmake-build-debug/CMakeFiles/CMakeTmp"
Makefile:121: set di istruzioni per l'obiettivo "cmTC_e75b4/fast" non riuscito
make: *** [cmTC_e75b4/fast] Errore 2

File /home/fede/CLionProjects/Levenshtein/cmake-build-debug/CMakeFiles/CMakeTmp/CheckSymbolExists.c:
/* */
#include <pthread.h>

int main(int argc, char** argv)
{
  (void)argv;
#ifndef pthread_create
  return ((int*)(&pthread_create))[argc];
#else
  (void)argc;
  return 0;
#endif
}

Determining if the function pthread_create exists in the pthreads failed with the following output:
Change Dir: /home/fede/CLionProjects/Levenshtein/cmake-build-debug/CMakeFiles/CMakeTmp

Run Build Command:"/usr/bin/make" "cmTC_d0d46/fast"
/usr/bin/make -f CMakeFiles/cmTC_d0d46.dir/build.make CMakeFiles/cmTC_d0d46.dir/build
make[1]: ingresso nella directory "/home/fede/CLionProjects/Levenshtein/cmake-build-debug/CMakeFiles/CMakeTmp"
Building C object CMakeFiles/cmTC_d0d46.dir/CheckFunctionExists.c.o
/usr/bin/cc   -DCHECK_FUNCTION_EXISTS=pthread_create   -o CMakeFiles/cmTC_d0d46.dir/CheckFunctionExists.c.o   -c /snap/clion/58/bin/cmake/linux/share/cmake-3.13/Modules/CheckFunctionExists.c
Linking C executable cmTC_d0d46
/snap/clion/58/bin/cmake/linux/bin/cmake -E cmake_link_script CMakeFiles/cmTC_d0d46.dir/link.txt --verbose=1
/usr/bin/cc  -DCHECK_FUNCTION_EXISTS=pthread_create    CMakeFiles/cmTC_d0d46.dir/CheckFunctionExists.c.o  -o cmTC_d0d46 -lpthreads 
/usr/bin/x86_64-linux-gnu-ld: impossibile trovare -lpthreads
collect2: error: ld returned 1 exit status
CMakeFiles/cmTC_d0d46.dir/build.make:86: set di istruzioni per l'obiettivo "cmTC_d0d46" non riuscito
make[1]: *** [cmTC_d0d46] Errore 1
make[1]: uscita dalla directory "/home/fede/CLionProjects/Levenshtein/cmake-build-debug/CMakeFiles/CMakeTmp"
Makefile:121: set di istruzioni per l'obiettivo "cmTC_d0d46/fast" non riuscito
make: *** [cmTC_d0d46/fast] Errore 2


